<?xml version="1.0" encoding="UTF-8"?>
<!-- Generated by org.testng.reporters.JUnitXMLReporter -->
<testsuite ignored="0" hostname="Vikram" failures="0" tests="3" name="Default test" time="30.92" errors="0" timestamp="2026-09-06T15:48:48 IST">
  <testcase classname="testCases.LoginTest" name="invalidLoginTest" time="2.419"/>
  <testcase classname="testCases.LoginTest" name="loginTest" time="2.425"/>
  <testcase classname="testCases.LoginTest" name="logoutTest" time="8.031"/>
</testsuite> <!-- Default test -->
