<?xml version="1.0" encoding="UTF-8"?>
<!-- Generated by org.testng.reporters.JUnitXMLReporter -->
<testsuite ignored="0" hostname="Vikram" failures="0" tests="3" name="Login Tests" time="29.259" errors="0" timestamp="2026-09-06T15:50:36 IST">
  <testcase classname="testCases.LoginTest" name="invalidLoginTest" time="2.433"/>
  <testcase classname="testCases.LoginTest" name="loginTest" time="2.448"/>
  <testcase classname="testCases.LoginTest" name="logoutTest" time="5.133"/>
</testsuite> <!-- Login Tests -->
