<?xml version="1.0" encoding="UTF-8"?>
<testng-results ignored="0" total="3" passed="3" failed="0" skipped="0">
  <reporter-output>
  </reporter-output>
  <suite started-at="2026-09-06T15:50:07 IST" name="HRM Automation Suite" finished-at="2026-09-06T15:50:36 IST" duration-ms="29259">
    <groups>
    </groups>
    <test started-at="2026-09-06T15:50:07 IST" name="Login Tests" finished-at="2026-09-06T15:50:36 IST" duration-ms="29259">
      <class name="testCases.LoginTest">
        <test-method is-config="true" signature="setUp()[pri:0, instance:testCases.LoginTest@359f7cdf]" started-at="2026-09-06T15:50:07 IST" name="setUp" finished-at="2026-09-06T15:50:11 IST" duration-ms="4277" status="PASS">
          <reporter-output>
          </reporter-output>
        </test-method> <!-- setUp -->
        <test-method signature="invalidLoginTest()[pri:0, instance:testCases.LoginTest@359f7cdf]" started-at="2026-09-06T15:50:11 IST" name="invalidLoginTest" finished-at="2026-09-06T15:50:14 IST" duration-ms="2433" status="PASS">
          <reporter-output>
          </reporter-output>
        </test-method> <!-- invalidLoginTest -->
        <test-method is-config="true" signature="tearDown()[pri:0, instance:testCases.LoginTest@359f7cdf]" started-at="2026-09-06T15:50:14 IST" name="tearDown" finished-at="2026-09-06T15:50:14 IST" duration-ms="256" status="PASS">
          <reporter-output>
          </reporter-output>
        </test-method> <!-- tearDown -->
        <test-method is-config="true" signature="setUp()[pri:0, instance:testCases.LoginTest@359f7cdf]" started-at="2026-09-06T15:50:14 IST" name="setUp" finished-at="2026-09-06T15:50:25 IST" duration-ms="10477" status="PASS">
          <reporter-output>
          </reporter-output>
        </test-method> <!-- setUp -->
        <test-method signature="loginTest()[pri:0, instance:testCases.LoginTest@359f7cdf]" started-at="2026-09-06T15:50:25 IST" name="loginTest" finished-at="2026-09-06T15:50:27 IST" duration-ms="2448" status="PASS">
          <reporter-output>
          </reporter-output>
        </test-method> <!-- loginTest -->
        <test-method is-config="true" signature="tearDown()[pri:0, instance:testCases.LoginTest@359f7cdf]" started-at="2026-09-06T15:50:27 IST" name="tearDown" finished-at="2026-09-06T15:50:27 IST" duration-ms="220" status="PASS">
          <reporter-output>
          </reporter-output>
        </test-method> <!-- tearDown -->
        <test-method is-config="true" signature="setUp()[pri:0, instance:testCases.LoginTest@359f7cdf]" started-at="2026-09-06T15:50:27 IST" name="setUp" finished-at="2026-09-06T15:50:31 IST" duration-ms="3736" status="PASS">
          <reporter-output>
          </reporter-output>
        </test-method> <!-- setUp -->
        <test-method signature="logoutTest()[pri:0, instance:testCases.LoginTest@359f7cdf]" started-at="2026-09-06T15:50:31 IST" name="logoutTest" finished-at="2026-09-06T15:50:36 IST" duration-ms="5133" status="PASS">
          <reporter-output>
          </reporter-output>
        </test-method> <!-- logoutTest -->
        <test-method is-config="true" signature="tearDown()[pri:0, instance:testCases.LoginTest@359f7cdf]" started-at="2026-09-06T15:50:36 IST" name="tearDown" finished-at="2026-09-06T15:50:36 IST" duration-ms="231" status="PASS">
          <reporter-output>
          </reporter-output>
        </test-method> <!-- tearDown -->
      </class> <!-- testCases.LoginTest -->
    </test> <!-- Login Tests -->
  </suite> <!-- HRM Automation Suite -->
</testng-results>
