<?xml version="1.0" encoding="UTF-8"?>
<!-- Generated by org.testng.reporters.JUnitReportReporter -->
<testsuite hostname="Vikram" failures="0" tests="3" name="testCases.LoginTest" time="29.211" errors="0" timestamp="2026-09-06T15:50:36 IST" skipped="0">
  <testcase classname="testCases.LoginTest" name="loginTest" time="6.440"/>
  <testcase classname="testCases.LoginTest" name="invalidLoginTest" time="6.941"/>
  <testcase classname="testCases.LoginTest" name="logoutTest" time="15.830"/>
</testsuite> <!-- testCases.LoginTest -->
